This file contains any messages produced by compilers while
running configure, to aid debugging if configure makes a mistake.

It was created by system1 configure 1.0, which was
generated by GNU Autoconf 2.69.  Invocation command line was

  $ ./configure 

## --------- ##
## Platform. ##
## --------- ##

hostname = shishlyannikov13-VirtualBox
uname -m = x86_64
uname -r = 5.4.0-48-generic
uname -s = Linux
uname -v = #52-Ubuntu SMP Thu Sep 10 10:58:49 UTC 2020

/usr/bin/uname -p = x86_64
/bin/uname -X     = unknown

/bin/arch              = x86_64
/usr/bin/arch -k       = unknown
/usr/convex/getsysinfo = unknown
/usr/bin/hostinfo      = unknown
/bin/machine           = unknown
/usr/bin/oslevel       = unknown
/bin/universe          = unknown

PATH: /usr/local/sbin
PATH: /usr/local/bin
PATH: /usr/sbin
PATH: /usr/bin
PATH: /sbin
PATH: /bin
PATH: /usr/games
PATH: /usr/local/games
PATH: /snap/bin


## ----------- ##
## Core tests. ##
## ----------- ##

configure:1855: checking for a BSD-compatible install
configure:1923: result: /usr/bin/install -c
configure:1934: checking whether build environment is sane
configure:1989: result: yes
configure:2138: checking for a thread-safe mkdir -p
configure:2177: result: /usr/bin/mkdir -p
configure:2184: checking for gawk
configure:2214: result: no
configure:2184: checking for mawk
configure:2200: found /usr/bin/mawk
configure:2211: result: mawk
configure:2222: checking whether make sets $(MAKE)
configure:2244: result: yes
configure:2273: checking whether make supports nested variables
configure:2290: result: yes
configure:2464: checking for gcc
configure:2480: found /usr/bin/gcc
configure:2491: result: gcc
configure:2720: checking for C compiler version
configure:2729: gcc --version >&5
gcc (Ubuntu 9.3.0-10ubuntu2) 9.3.0
Copyright (C) 2019 Free Software Foundation, Inc.
This is free software; see the source for copying conditions.  There is NO
warranty; not even for MERCHANTABILITY or FITNESS FOR A PARTICULAR PURPOSE.

configure:2740: $? = 0
configure:2729: gcc -v >&5
Using built-in specs.
COLLECT_GCC=gcc
COLLECT_LTO_WRAPPER=/usr/lib/gcc/x86_64-linux-gnu/9/lto-wrapper
OFFLOAD_TARGET_NAMES=nvptx-none:hsa
OFFLOAD_TARGET_DEFAULT=1
Target: x86_64-linux-gnu
Configured with: ../src/configure -v --with-pkgversion='Ubuntu 9.3.0-10ubuntu2' --with-bugurl=file:///usr/share/doc/gcc-9/README.Bugs --enable-languages=c,ada,c++,go,brig,d,fortran,objc,obj-c++,gm2 --prefix=/usr --with-gcc-major-version-only --program-suffix=-9 --program-prefix=x86_64-linux-gnu- --enable-shared --enable-linker-build-id --libexecdir=/usr/lib --without-included-gettext --enable-threads=posix --libdir=/usr/lib --enable-nls --enable-clocale=gnu --enable-libstdcxx-debug --enable-libstdcxx-time=yes --with-default-libstdcxx-abi=new --enable-gnu-unique-object --disable-vtable-verify --enable-plugin --enable-default-pie --with-system-zlib --with-target-system-zlib=auto --enable-objc-gc=auto --enable-multiarch --disable-werror --with-arch-32=i686 --with-abi=m64 --with-multilib-list=m32,m64,mx32 --enable-multilib --with-tune=generic --enable-offload-targets=nvptx-none,hsa --without-cuda-driver --enable-checking=release --build=x86_64-linux-gnu --host=x86_64-linux-gnu --target=x86_64-linux-gnu
Thread model: posix
gcc version 9.3.0 (Ubuntu 9.3.0-10ubuntu2) 
configure:2740: $? = 0
configure:2729: gcc -V >&5
gcc: error: unrecognized command line option '-V'
gcc: fatal error: no input files
compilation terminated.
configure:2740: $? = 1
configure:2729: gcc -qversion >&5
gcc: error: unrecognized command line option '-qversion'; did you mean '--version'?
gcc: fatal error: no input files
compilation terminated.
configure:2740: $? = 1
configure:2760: checking whether the C compiler works
configure:2782: gcc    conftest.c  >&5
configure:2786: $? = 0
configure:2834: result: yes
configure:2837: checking for C compiler default output file name
configure:2839: result: a.out
configure:2845: checking for suffix of executables
configure:2852: gcc -o conftest    conftest.c  >&5
configure:2856: $? = 0
configure:2878: result: 
configure:2900: checking whether we are cross compiling
configure:2908: gcc -o conftest    conftest.c  >&5
configure:2912: $? = 0
configure:2919: ./conftest
configure:2923: $? = 0
configure:2911: result: no
configure:2916: checking for suffix of object files
configure:2938: gcc -c   conftest.c >&5
configure:2942: $? = 0
configure:2963: result: o
configure:2967: checking whether we are using the GNU C compiler
configure:2986: gcc -c   conftest.c >&5
configure:2986: $? = 0
configure:2995: result: yes
configure:3004: checking whether gcc accepts -g
configure:3024: gcc -c -g  conftest.c >&5
configure:3024: $? = 0
configure:3065: result: yes
configure:3082: checking for gcc option to accept ISO C89
configure:3145: gcc  -c -g -O2  conftest.c >&5
configure:3145: $? = 0
configure:3158: result: none needed
configure:3183: checking whether gcc understands -c and -o together
configure:3205: gcc -c conftest.c -o conftest2.o
configure:3208: $? = 0
configure:3205: gcc -c conftest.c -o conftest2.o
configure:3208: $? = 0
configure:3220: result: yes
configure:3240: checking whether make supports the include directive
configure:3255: make -f confmf.GNU && cat confinc.out
this is the am__doit target
configure:3258: $? = 0
configure:3277: result: yes (GNU style)
configure:3302: checking dependency style of gcc
configure:3413: result: gcc3
configure:3484: checking for pkg-config
configure:3502: found /usr/bin/pkg-config
configure:3514: result: /usr/bin/pkg-config
configure:3539: checking pkg-config is at least version 0.9.0
configure:3542: result: yes
configure:3552: checking for FUS
configure:3559: $PKG_CONFIG --exists --print-errors "fuse"
configure:3562: $? = 0
configure:3576: $PKG_CONFIG --exists --print-errors "fuse"
configure:3579: $? = 0
configure:3637: result: yes
configure:3778: checking that generated files are newer than configure
configure:3784: result: done
configure:3807: creating ./config.status

## ---------------------- ##
## Running config.status. ##
## ---------------------- ##

This file was extended by system1 config.status 1.0, which was
generated by GNU Autoconf 2.69.  Invocation command line was

  CONFIG_FILES    = 
  CONFIG_HEADERS  = 
  CONFIG_LINKS    = 
  CONFIG_COMMANDS = 
  $ ./config.status 

on shishlyannikov13-VirtualBox

config.status:775: creating Makefile
config.status:775: creating src/Makefile
config.status:947: executing depfiles commands
config.status:1024: cd src       && sed -e '/# am--include-marker/d' Makefile         | make -f - am--depfiles
make: Nothing to be done for 'am--depfiles'.
config.status:1029: $? = 0

## ---------------- ##
## Cache variables. ##
## ---------------- ##

ac_cv_c_compiler_gnu=yes
ac_cv_env_CC_set=
ac_cv_env_CC_value=
ac_cv_env_CFLAGS_set=
ac_cv_env_CFLAGS_value=
ac_cv_env_CPPFLAGS_set=
ac_cv_env_CPPFLAGS_value=
ac_cv_env_FUS_CFLAGS_set=
ac_cv_env_FUS_CFLAGS_value=
ac_cv_env_FUS_LIBS_set=
ac_cv_env_FUS_LIBS_value=
ac_cv_env_LDFLAGS_set=
ac_cv_env_LDFLAGS_value=
ac_cv_env_LIBS_set=
ac_cv_env_LIBS_value=
ac_cv_env_PKG_CONFIG_LIBDIR_set=
ac_cv_env_PKG_CONFIG_LIBDIR_value=
ac_cv_env_PKG_CONFIG_PATH_set=
ac_cv_env_PKG_CONFIG_PATH_value=
ac_cv_env_PKG_CONFIG_set=
ac_cv_env_PKG_CONFIG_value=
ac_cv_env_build_alias_set=
ac_cv_env_build_alias_value=
ac_cv_env_host_alias_set=
ac_cv_env_host_alias_value=
ac_cv_env_target_alias_set=
ac_cv_env_target_alias_value=
ac_cv_objext=o
ac_cv_path_ac_pt_PKG_CONFIG=/usr/bin/pkg-config
ac_cv_path_install='/usr/bin/install -c'
ac_cv_path_mkdir=/usr/bin/mkdir
ac_cv_prog_AWK=mawk
ac_cv_prog_ac_ct_CC=gcc
ac_cv_prog_cc_c89=
ac_cv_prog_cc_g=yes
ac_cv_prog_make_make_set=yes
am_cv_CC_dependencies_compiler_type=gcc3
am_cv_make_support_nested_variables=yes
am_cv_prog_cc_c_o=yes
pkg_cv_FUS_CFLAGS='-D_FILE_OFFSET_BITS=64 -I/usr/include/fuse'
pkg_cv_FUS_LIBS='-lfuse -pthread'

## ----------------- ##
## Output variables. ##
## ----------------- ##

ACLOCAL='${SHELL} /home/shishlyannikov13/lab4TravicRep/missing aclocal-1.16'
AMDEPBACKSLASH='\'
AMDEP_FALSE='#'
AMDEP_TRUE=''
AMTAR='$${TAR-tar}'
AM_BACKSLASH='\'
AM_DEFAULT_V='$(AM_DEFAULT_VERBOSITY)'
AM_DEFAULT_VERBOSITY='1'
AM_V='$(V)'
AUTOCONF='${SHELL} /home/shishlyannikov13/lab4TravicRep/missing autoconf'
AUTOHEADER='${SHELL} /home/shishlyannikov13/lab4TravicRep/missing autoheader'
AUTOMAKE='${SHELL} /home/shishlyannikov13/lab4TravicRep/missing automake-1.16'
AWK='mawk'
CC='gcc'
CCDEPMODE='depmode=gcc3'
CFLAGS='-g -O2'
CPPFLAGS=''
CYGPATH_W='echo'
DEFS='-DPACKAGE_NAME=\"system1\" -DPACKAGE_TARNAME=\"system1\" -DPACKAGE_VERSION=\"1.0\" -DPACKAGE_STRING=\"system1\ 1.0\" -DPACKAGE_BUGREPORT=\"Ivan@gnu.org\" -DPACKAGE_URL=\"\" -DPACKAGE=\"system1\" -DVERSION=\"1.0\"'
DEPDIR='.deps'
ECHO_C=''
ECHO_N='-n'
ECHO_T=''
EXEEXT=''
FUS_CFLAGS='-D_FILE_OFFSET_BITS=64 -I/usr/include/fuse'
FUS_LIBS='-lfuse -pthread'
INSTALL_DATA='${INSTALL} -m 644'
INSTALL_PROGRAM='${INSTALL}'
INSTALL_SCRIPT='${INSTALL}'
INSTALL_STRIP_PROGRAM='$(install_sh) -c -s'
LDFLAGS=''
LIBOBJS=''
LIBS=''
LTLIBOBJS=''
MAKEINFO='${SHELL} /home/shishlyannikov13/lab4TravicRep/missing makeinfo'
MKDIR_P='/usr/bin/mkdir -p'
OBJEXT='o'
PACKAGE='system1'
PACKAGE_BUGREPORT='Ivan@gnu.org'
PACKAGE_NAME='system1'
PACKAGE_STRING='system1 1.0'
PACKAGE_TARNAME='system1'
PACKAGE_URL=''
PACKAGE_VERSION='1.0'
PATH_SEPARATOR=':'
PKG_CONFIG='/usr/bin/pkg-config'
PKG_CONFIG_LIBDIR=''
PKG_CONFIG_PATH=''
SET_MAKE=''
SHELL='/bin/bash'
STRIP=''
VERSION='1.0'
ac_ct_CC='gcc'
am__EXEEXT_FALSE=''
am__EXEEXT_TRUE='#'
am__fastdepCC_FALSE='#'
am__fastdepCC_TRUE=''
am__include='include'
am__isrc=''
am__leading_dot='.'
am__nodep='_no'
am__quote=''
am__tar='$${TAR-tar} chof - "$$tardir"'
am__untar='$${TAR-tar} xf -'
bindir='${exec_prefix}/bin'
build_alias=''
datadir='${datarootdir}'
datarootdir='${prefix}/share'
docdir='${datarootdir}/doc/${PACKAGE_TARNAME}'
dvidir='${docdir}'
exec_prefix='${prefix}'
host_alias=''
htmldir='${docdir}'
includedir='${prefix}/include'
infodir='${datarootdir}/info'
install_sh='${SHELL} /home/shishlyannikov13/lab4TravicRep/install-sh'
libdir='${exec_prefix}/lib'
libexecdir='${exec_prefix}/libexec'
localedir='${datarootdir}/locale'
localstatedir='${prefix}/var'
mandir='${datarootdir}/man'
mkdir_p='$(MKDIR_P)'
oldincludedir='/usr/include'
pdfdir='${docdir}'
prefix='/usr/local'
program_transform_name='s,x,x,'
psdir='${docdir}'
runstatedir='${localstatedir}/run'
sbindir='${exec_prefix}/sbin'
sharedstatedir='${prefix}/com'
sysconfdir='${prefix}/etc'
target_alias=''

## ----------- ##
## confdefs.h. ##
## ----------- ##

/* confdefs.h */
#define PACKAGE_NAME "system1"
#define PACKAGE_TARNAME "system1"
#define PACKAGE_VERSION "1.0"
#define PACKAGE_STRING "system1 1.0"
#define PACKAGE_BUGREPORT "Ivan@gnu.org"
#define PACKAGE_URL ""
#define PACKAGE "system1"
#define VERSION "1.0"

configure: exit 0
